<?xml version="1.0" encoding="UTF-8"?>
<!-- Generated by org.testng.reporters.JUnitReportReporter -->
<testsuite hostname="Etienne" failures="0" tests="1" name="StoredFunctionTesting.SFTesting" time="0.038" errors="0" timestamp="2025-06-19T12:12:52 CEST" skipped="0">
  <testcase classname="StoredFunctionTesting.SFTesting" name="test_customerLevel_with_SQLStament" time="0.038"/>
</testsuite> <!-- StoredFunctionTesting.SFTesting -->
