<?xml version="1.0" encoding="UTF-8"?>
<!-- Generated by org.testng.reporters.JUnitReportReporter -->
<testsuite hostname="Etienne" failures="0" tests="6" name="StoreProcedureTesting.SPTesting" time="0.067" errors="0" timestamp="2025-06-18T16:37:59 CEST" skipped="0">
  <testcase classname="StoreProcedureTesting.SPTesting" name="test_storeProceduresexists" time="0.023"/>
  <testcase classname="StoreProcedureTesting.SPTesting" name="test_selectAllCustomers" time="0.025"/>
  <testcase classname="StoreProcedureTesting.SPTesting" name="test_selectAllCustomersByCity" time="0.004"/>
  <testcase classname="StoreProcedureTesting.SPTesting" name="test_selectAllCustomersByCityAndPin" time="0.004"/>
  <testcase classname="StoreProcedureTesting.SPTesting" name="test_getOrderByCust" time="0.007"/>
  <testcase classname="StoreProcedureTesting.SPTesting" name="test_GetCustomerShipping" time="0.004"/>
</testsuite> <!-- StoreProcedureTesting.SPTesting -->
